<?xml version="1.0" encoding="UTF-8"?>
<testng-results ignored="0" total="1" passed="1" failed="0" skipped="0">
  <reporter-output>
  </reporter-output>
  <suite started-at="2024-08-31T16:10:10 IST" name="Default suite" finished-at="2024-08-31T16:11:21 IST" duration-ms="70820">
    <groups>
    </groups>
    <test started-at="2024-08-31T16:10:10 IST" name="Default test" finished-at="2024-08-31T16:11:21 IST" duration-ms="70820">
      <class name="workspace.SeleniumTest">
        <test-method signature="SubmitOrder()[pri:0, instance:workspace.SeleniumTest@49139829]" started-at="2024-08-31T16:10:10 IST" name="SubmitOrder" finished-at="2024-08-31T16:11:20 IST" duration-ms="70330" status="PASS">
          <reporter-output>
          </reporter-output>
        </test-method> <!-- SubmitOrder -->
      </class> <!-- workspace.SeleniumTest -->
    </test> <!-- Default test -->
  </suite> <!-- Default suite -->
</testng-results>
